13:53:05,748 |-INFO in ch.qos.logback.classic.LoggerContext[default] - Could NOT find resource [logback-test.xml]
13:53:05,748 |-INFO in ch.qos.logback.classic.LoggerContext[default] - Found resource [logback.xml] at [file:/C:/Users/%ec%95%84%ec%9d%b8%ec%8a%a4/Desktop/JuchanEX/practice/bin/main/logback.xml]
13:53:05,792 |-INFO in ch.qos.logback.core.joran.util.ConfigurationWatchListUtil@55f3ddb1 - Adding [jar:file:/C:/Users/%ec%95%84%ec%9d%b8%ec%8a%a4/.gradle/caches/modules-2/files-2.1/org.springframework.boot/spring-boot/2.7.15/4e09424cc410ca255bbea2657a8da0b54b381b2a/spring-boot-2.7.15.jar!/org/springframework/boot/logging/logback/defaults.xml] to configuration watch list.
13:53:05,792 |-INFO in ch.qos.logback.core.joran.spi.ConfigurationWatchList@8bd1b6a - URL [jar:file:/C:/Users/%ec%95%84%ec%9d%b8%ec%8a%a4/.gradle/caches/modules-2/files-2.1/org.springframework.boot/spring-boot/2.7.15/4e09424cc410ca255bbea2657a8da0b54b381b2a/spring-boot-2.7.15.jar!/org/springframework/boot/logging/logback/defaults.xml] is not of type file
13:53:05,794 |-INFO in ch.qos.logback.core.joran.action.ConversionRuleAction - registering conversion word clr with class [org.springframework.boot.logging.logback.ColorConverter]
13:53:05,795 |-INFO in ch.qos.logback.core.joran.action.ConversionRuleAction - registering conversion word wex with class [org.springframework.boot.logging.logback.WhitespaceThrowableProxyConverter]
13:53:05,795 |-INFO in ch.qos.logback.core.joran.action.ConversionRuleAction - registering conversion word wEx with class [org.springframework.boot.logging.logback.ExtendedWhitespaceThrowableProxyConverter]
13:53:05,797 |-INFO in ch.qos.logback.classic.joran.action.LoggerAction - Setting level of logger [org.apache.catalina.startup.DigesterFactory] to ERROR
13:53:05,797 |-INFO in ch.qos.logback.classic.joran.action.LoggerAction - Setting level of logger [org.apache.catalina.util.LifecycleBase] to ERROR
13:53:05,797 |-INFO in ch.qos.logback.classic.joran.action.LoggerAction - Setting level of logger [org.apache.coyote.http11.Http11NioProtocol] to WARN
13:53:05,797 |-INFO in ch.qos.logback.classic.joran.action.LoggerAction - Setting level of logger [org.apache.sshd.common.util.SecurityUtils] to WARN
13:53:05,797 |-INFO in ch.qos.logback.classic.joran.action.LoggerAction - Setting level of logger [org.apache.tomcat.util.net.NioSelectorPool] to WARN
13:53:05,797 |-INFO in ch.qos.logback.classic.joran.action.LoggerAction - Setting level of logger [org.eclipse.jetty.util.component.AbstractLifeCycle] to ERROR
13:53:05,797 |-INFO in ch.qos.logback.classic.joran.action.LoggerAction - Setting level of logger [org.hibernate.validator.internal.util.Version] to WARN
13:53:05,798 |-INFO in ch.qos.logback.classic.joran.action.LoggerAction - Setting level of logger [org.springframework.boot.actuate.endpoint.jmx] to WARN
13:53:05,798 |-INFO in ch.qos.logback.core.joran.util.ConfigurationWatchListUtil@55f3ddb1 - Adding [jar:file:/C:/Users/%ec%95%84%ec%9d%b8%ec%8a%a4/.gradle/caches/modules-2/files-2.1/org.springframework.boot/spring-boot/2.7.15/4e09424cc410ca255bbea2657a8da0b54b381b2a/spring-boot-2.7.15.jar!/org/springframework/boot/logging/logback/console-appender.xml] to configuration watch list.
13:53:05,798 |-INFO in ch.qos.logback.core.joran.spi.ConfigurationWatchList@8bd1b6a - URL [jar:file:/C:/Users/%ec%95%84%ec%9d%b8%ec%8a%a4/.gradle/caches/modules-2/files-2.1/org.springframework.boot/spring-boot/2.7.15/4e09424cc410ca255bbea2657a8da0b54b381b2a/spring-boot-2.7.15.jar!/org/springframework/boot/logging/logback/console-appender.xml] is not of type file
13:53:05,799 |-INFO in ch.qos.logback.core.joran.action.AppenderAction - About to instantiate appender of type [ch.qos.logback.core.ConsoleAppender]
13:53:05,800 |-INFO in ch.qos.logback.core.joran.action.AppenderAction - Naming appender as [CONSOLE]
13:53:05,803 |-INFO in ch.qos.logback.core.joran.action.NestedComplexPropertyIA - Assuming default type [ch.qos.logback.classic.encoder.PatternLayoutEncoder] for [encoder] property
13:53:05,816 |-INFO in ch.qos.logback.core.joran.action.AppenderAction - About to instantiate appender of type [ch.qos.logback.core.rolling.RollingFileAppender]
13:53:05,817 |-INFO in ch.qos.logback.core.joran.action.AppenderAction - Naming appender as [FILE]
13:53:05,822 |-INFO in c.q.l.core.rolling.TimeBasedRollingPolicy@1754638213 - Will use gz compression
13:53:05,822 |-INFO in c.q.l.core.rolling.TimeBasedRollingPolicy@1754638213 - Will use the pattern C:/Users/아인스/Desktop/JuchanEX/log/Practice/Practice_%d{yyyyMMdd}.log for the active file
13:53:05,824 |-INFO in c.q.l.core.rolling.DefaultTimeBasedFileNamingAndTriggeringPolicy - The date pattern is 'yyyyMMdd' from file name pattern 'C:/Users/아인스/Desktop/JuchanEX/log/Practice/Practice_%d{yyyyMMdd}.log.gz'.
13:53:05,824 |-INFO in c.q.l.core.rolling.DefaultTimeBasedFileNamingAndTriggeringPolicy - Roll-over at midnight.
13:53:05,826 |-INFO in c.q.l.core.rolling.DefaultTimeBasedFileNamingAndTriggeringPolicy - Setting initial period to Fri May 10 11:05:45 KST 2024
13:53:05,826 |-INFO in ch.qos.logback.core.joran.action.NestedComplexPropertyIA - Assuming default type [ch.qos.logback.classic.encoder.PatternLayoutEncoder] for [encoder] property
13:53:05,827 |-INFO in ch.qos.logback.core.rolling.RollingFileAppender[FILE] - Active log file name: C:/Users/아인스/Desktop/JuchanEX/log/Practice/Practice.log
13:53:05,827 |-INFO in ch.qos.logback.core.rolling.RollingFileAppender[FILE] - File property is set to [C:/Users/아인스/Desktop/JuchanEX/log/Practice/Practice.log]
13:53:05,828 |-INFO in ch.qos.logback.core.joran.action.AppenderAction - About to instantiate appender of type [ch.qos.logback.core.rolling.RollingFileAppender]
13:53:05,828 |-INFO in ch.qos.logback.core.joran.action.AppenderAction - Naming appender as [AM_MSD_FILE]
13:53:05,829 |-INFO in c.q.l.core.rolling.TimeBasedRollingPolicy@32863545 - No compression will be used
13:53:05,829 |-INFO in c.q.l.core.rolling.TimeBasedRollingPolicy@32863545 - Will use the pattern C:/Users/아인스/Desktop/JuchanEX/log/Practice/AM/Practice_%d{yyyyMMdd}.log for the active file
13:53:05,829 |-INFO in c.q.l.core.rolling.DefaultTimeBasedFileNamingAndTriggeringPolicy - The date pattern is 'yyyyMMdd' from file name pattern 'C:/Users/아인스/Desktop/JuchanEX/log/Practice/AM/Practice_%d{yyyyMMdd}.log'.
13:53:05,830 |-INFO in c.q.l.core.rolling.DefaultTimeBasedFileNamingAndTriggeringPolicy - Roll-over at midnight.
13:53:05,830 |-INFO in c.q.l.core.rolling.DefaultTimeBasedFileNamingAndTriggeringPolicy - Setting initial period to Thu May 09 15:05:20 KST 2024
13:53:05,830 |-INFO in ch.qos.logback.core.joran.action.NestedComplexPropertyIA - Assuming default type [ch.qos.logback.classic.encoder.PatternLayoutEncoder] for [encoder] property
13:53:05,830 |-INFO in ch.qos.logback.core.rolling.RollingFileAppender[AM_MSD_FILE] - Active log file name: C:/Users/아인스/Desktop/JuchanEX/log/Practice/AM/Practice.log
13:53:05,830 |-INFO in ch.qos.logback.core.rolling.RollingFileAppender[AM_MSD_FILE] - File property is set to [C:/Users/아인스/Desktop/JuchanEX/log/Practice/AM/Practice.log]
13:53:05,831 |-INFO in ch.qos.logback.core.joran.action.AppenderAction - About to instantiate appender of type [ch.qos.logback.core.rolling.RollingFileAppender]
13:53:05,831 |-INFO in ch.qos.logback.core.joran.action.AppenderAction - Naming appender as [BM_MSD_FILE]
13:53:05,831 |-INFO in c.q.l.core.rolling.TimeBasedRollingPolicy@1995616381 - No compression will be used
13:53:05,831 |-INFO in c.q.l.core.rolling.TimeBasedRollingPolicy@1995616381 - Will use the pattern C:/Users/아인스/Desktop/JuchanEX/log/Practice/BM/Practice_%d{yyyyMMdd}.log for the active file
13:53:05,831 |-INFO in c.q.l.core.rolling.DefaultTimeBasedFileNamingAndTriggeringPolicy - The date pattern is 'yyyyMMdd' from file name pattern 'C:/Users/아인스/Desktop/JuchanEX/log/Practice/BM/Practice_%d{yyyyMMdd}.log'.
13:53:05,831 |-INFO in c.q.l.core.rolling.DefaultTimeBasedFileNamingAndTriggeringPolicy - Roll-over at midnight.
13:53:05,832 |-INFO in c.q.l.core.rolling.DefaultTimeBasedFileNamingAndTriggeringPolicy - Setting initial period to Thu May 09 15:05:20 KST 2024
13:53:05,832 |-INFO in ch.qos.logback.core.joran.action.NestedComplexPropertyIA - Assuming default type [ch.qos.logback.classic.encoder.PatternLayoutEncoder] for [encoder] property
13:53:05,832 |-INFO in ch.qos.logback.core.rolling.RollingFileAppender[BM_MSD_FILE] - Active log file name: C:/Users/아인스/Desktop/JuchanEX/log/Practice/BM/Practice.log
13:53:05,832 |-INFO in ch.qos.logback.core.rolling.RollingFileAppender[BM_MSD_FILE] - File property is set to [C:/Users/아인스/Desktop/JuchanEX/log/Practice/BM/Practice.log]
13:53:05,832 |-INFO in ch.qos.logback.core.joran.action.AppenderAction - About to instantiate appender of type [ch.qos.logback.core.ConsoleAppender]
13:53:05,832 |-INFO in ch.qos.logback.core.joran.action.AppenderAction - Naming appender as [STDOUT]
13:53:05,833 |-WARN in ch.qos.logback.core.ConsoleAppender[STDOUT] - This appender no longer admits a layout as a sub-component, set an encoder instead.
13:53:05,833 |-WARN in ch.qos.logback.core.ConsoleAppender[STDOUT] - To ensure compatibility, wrapping your layout in LayoutWrappingEncoder.
13:53:05,833 |-WARN in ch.qos.logback.core.ConsoleAppender[STDOUT] - See also http://logback.qos.ch/codes.html#layoutInsteadOfEncoder for details
13:53:05,833 |-INFO in ch.qos.logback.classic.joran.action.LoggerAction - Setting additivity of logger [kr.co.neighbor21.ecall.geon.collection.server.resource] to false
13:53:05,833 |-INFO in ch.qos.logback.classic.joran.action.LevelAction - kr.co.neighbor21.ecall.geon.collection.server.resource level set to INFO
13:53:05,833 |-INFO in ch.qos.logback.core.joran.action.AppenderRefAction - Attaching appender named [AM_MSD_FILE] to Logger[kr.co.neighbor21.ecall.geon.collection.server.resource]
13:53:05,833 |-INFO in ch.qos.logback.classic.joran.action.LoggerAction - Setting additivity of logger [kr.co.neighbor21.ecall.geon.collection.server] to false
13:53:05,834 |-INFO in ch.qos.logback.classic.joran.action.LevelAction - kr.co.neighbor21.ecall.geon.collection.server level set to INFO
13:53:05,834 |-INFO in ch.qos.logback.core.joran.action.AppenderRefAction - Attaching appender named [BM_MSD_FILE] to Logger[kr.co.neighbor21.ecall.geon.collection.server]
13:53:05,834 |-INFO in ch.qos.logback.classic.joran.action.LoggerAction - Setting level of logger [jdbc] to OFF
13:53:05,834 |-INFO in ch.qos.logback.classic.joran.action.LoggerAction - Setting level of logger [jdbc.sqlonly] to OFF
13:53:05,834 |-INFO in ch.qos.logback.classic.joran.action.LoggerAction - Setting level of logger [jdbc.audit] to OFF
13:53:05,834 |-INFO in ch.qos.logback.classic.joran.action.LoggerAction - Setting level of logger [jdbc.resultset] to OFF
13:53:05,834 |-INFO in ch.qos.logback.classic.joran.action.LoggerAction - Setting level of logger [jdbc.connection] to OFF
13:53:05,834 |-INFO in ch.qos.logback.classic.joran.action.RootLoggerAction - Setting level of ROOT logger to INFO
13:53:05,834 |-INFO in ch.qos.logback.core.joran.action.AppenderRefAction - Attaching appender named [FILE] to Logger[ROOT]
13:53:05,834 |-INFO in ch.qos.logback.core.joran.action.AppenderRefAction - Attaching appender named [STDOUT] to Logger[ROOT]
13:53:05,834 |-INFO in ch.qos.logback.classic.joran.action.ConfigurationAction - End of configuration.
13:53:05,834 |-INFO in ch.qos.logback.classic.joran.JoranConfigurator@34cd072c - Registering current configuration as safe fallback point
13:53:06,070 |-INFO in ch.qos.logback.core.joran.util.ConfigurationWatchListUtil@55f3ddb1 - Adding [jar:file:/C:/Users/%ec%95%84%ec%9d%b8%ec%8a%a4/.gradle/caches/modules-2/files-2.1/org.springframework.boot/spring-boot/2.7.15/4e09424cc410ca255bbea2657a8da0b54b381b2a/spring-boot-2.7.15.jar!/org/springframework/boot/logging/logback/defaults.xml] to configuration watch list.
13:53:06,070 |-INFO in ch.qos.logback.core.joran.spi.ConfigurationWatchList@26d524bc - URL [jar:file:/C:/Users/%ec%95%84%ec%9d%b8%ec%8a%a4/.gradle/caches/modules-2/files-2.1/org.springframework.boot/spring-boot/2.7.15/4e09424cc410ca255bbea2657a8da0b54b381b2a/spring-boot-2.7.15.jar!/org/springframework/boot/logging/logback/defaults.xml] is not of type file
13:53:06,071 |-INFO in ch.qos.logback.core.joran.action.ConversionRuleAction - registering conversion word clr with class [org.springframework.boot.logging.logback.ColorConverter]
13:53:06,071 |-INFO in ch.qos.logback.core.joran.action.ConversionRuleAction - registering conversion word wex with class [org.springframework.boot.logging.logback.WhitespaceThrowableProxyConverter]
13:53:06,071 |-INFO in ch.qos.logback.core.joran.action.ConversionRuleAction - registering conversion word wEx with class [org.springframework.boot.logging.logback.ExtendedWhitespaceThrowableProxyConverter]
13:53:06,071 |-INFO in ch.qos.logback.classic.joran.action.LoggerAction - Setting level of logger [org.apache.catalina.startup.DigesterFactory] to ERROR
13:53:06,071 |-INFO in ch.qos.logback.classic.jul.LevelChangePropagator@4170819f - Propagating ERROR level on Logger[org.apache.catalina.startup.DigesterFactory] onto the JUL framework
13:53:06,072 |-INFO in ch.qos.logback.classic.joran.action.LoggerAction - Setting level of logger [org.apache.catalina.util.LifecycleBase] to ERROR
13:53:06,072 |-INFO in ch.qos.logback.classic.jul.LevelChangePropagator@4170819f - Propagating ERROR level on Logger[org.apache.catalina.util.LifecycleBase] onto the JUL framework
13:53:06,072 |-INFO in ch.qos.logback.classic.joran.action.LoggerAction - Setting level of logger [org.apache.coyote.http11.Http11NioProtocol] to WARN
13:53:06,072 |-INFO in ch.qos.logback.classic.jul.LevelChangePropagator@4170819f - Propagating WARN level on Logger[org.apache.coyote.http11.Http11NioProtocol] onto the JUL framework
13:53:06,072 |-INFO in ch.qos.logback.classic.joran.action.LoggerAction - Setting level of logger [org.apache.sshd.common.util.SecurityUtils] to WARN
13:53:06,072 |-INFO in ch.qos.logback.classic.jul.LevelChangePropagator@4170819f - Propagating WARN level on Logger[org.apache.sshd.common.util.SecurityUtils] onto the JUL framework
13:53:06,072 |-INFO in ch.qos.logback.classic.joran.action.LoggerAction - Setting level of logger [org.apache.tomcat.util.net.NioSelectorPool] to WARN
13:53:06,072 |-INFO in ch.qos.logback.classic.jul.LevelChangePropagator@4170819f - Propagating WARN level on Logger[org.apache.tomcat.util.net.NioSelectorPool] onto the JUL framework
13:53:06,072 |-INFO in ch.qos.logback.classic.joran.action.LoggerAction - Setting level of logger [org.eclipse.jetty.util.component.AbstractLifeCycle] to ERROR
13:53:06,072 |-INFO in ch.qos.logback.classic.jul.LevelChangePropagator@4170819f - Propagating ERROR level on Logger[org.eclipse.jetty.util.component.AbstractLifeCycle] onto the JUL framework
13:53:06,072 |-INFO in ch.qos.logback.classic.joran.action.LoggerAction - Setting level of logger [org.hibernate.validator.internal.util.Version] to WARN
13:53:06,072 |-INFO in ch.qos.logback.classic.jul.LevelChangePropagator@4170819f - Propagating WARN level on Logger[org.hibernate.validator.internal.util.Version] onto the JUL framework
13:53:06,072 |-INFO in ch.qos.logback.classic.joran.action.LoggerAction - Setting level of logger [org.springframework.boot.actuate.endpoint.jmx] to WARN
13:53:06,072 |-INFO in ch.qos.logback.classic.jul.LevelChangePropagator@4170819f - Propagating WARN level on Logger[org.springframework.boot.actuate.endpoint.jmx] onto the JUL framework
13:53:06,072 |-INFO in ch.qos.logback.core.joran.util.ConfigurationWatchListUtil@55f3ddb1 - Adding [jar:file:/C:/Users/%ec%95%84%ec%9d%b8%ec%8a%a4/.gradle/caches/modules-2/files-2.1/org.springframework.boot/spring-boot/2.7.15/4e09424cc410ca255bbea2657a8da0b54b381b2a/spring-boot-2.7.15.jar!/org/springframework/boot/logging/logback/console-appender.xml] to configuration watch list.
13:53:06,072 |-INFO in ch.qos.logback.core.joran.spi.ConfigurationWatchList@26d524bc - URL [jar:file:/C:/Users/%ec%95%84%ec%9d%b8%ec%8a%a4/.gradle/caches/modules-2/files-2.1/org.springframework.boot/spring-boot/2.7.15/4e09424cc410ca255bbea2657a8da0b54b381b2a/spring-boot-2.7.15.jar!/org/springframework/boot/logging/logback/console-appender.xml] is not of type file
13:53:06,073 |-INFO in ch.qos.logback.core.joran.action.AppenderAction - About to instantiate appender of type [ch.qos.logback.core.ConsoleAppender]
13:53:06,073 |-INFO in ch.qos.logback.core.joran.action.AppenderAction - Naming appender as [CONSOLE]
13:53:06,073 |-INFO in ch.qos.logback.core.joran.action.NestedComplexPropertyIA - Assuming default type [ch.qos.logback.classic.encoder.PatternLayoutEncoder] for [encoder] property
13:53:06,073 |-INFO in ch.qos.logback.core.joran.action.AppenderAction - About to instantiate appender of type [ch.qos.logback.core.rolling.RollingFileAppender]
13:53:06,073 |-INFO in ch.qos.logback.core.joran.action.AppenderAction - Naming appender as [FILE]
13:53:06,074 |-INFO in c.q.l.core.rolling.TimeBasedRollingPolicy@1582400384 - Will use gz compression
13:53:06,074 |-INFO in c.q.l.core.rolling.TimeBasedRollingPolicy@1582400384 - Will use the pattern C:/Users/아인스/Desktop/JuchanEX/log/Practice/Practice_%d{yyyyMMdd}.log for the active file
13:53:06,074 |-INFO in c.q.l.core.rolling.DefaultTimeBasedFileNamingAndTriggeringPolicy - The date pattern is 'yyyyMMdd' from file name pattern 'C:/Users/아인스/Desktop/JuchanEX/log/Practice/Practice_%d{yyyyMMdd}.log.gz'.
13:53:06,074 |-INFO in c.q.l.core.rolling.DefaultTimeBasedFileNamingAndTriggeringPolicy - Roll-over at midnight.
13:53:06,075 |-INFO in c.q.l.core.rolling.DefaultTimeBasedFileNamingAndTriggeringPolicy - Setting initial period to Fri May 10 11:05:45 KST 2024
13:53:06,075 |-INFO in ch.qos.logback.core.joran.action.NestedComplexPropertyIA - Assuming default type [ch.qos.logback.classic.encoder.PatternLayoutEncoder] for [encoder] property
13:53:06,075 |-INFO in ch.qos.logback.core.rolling.RollingFileAppender[FILE] - Active log file name: C:/Users/아인스/Desktop/JuchanEX/log/Practice/Practice.log
13:53:06,075 |-INFO in ch.qos.logback.core.rolling.RollingFileAppender[FILE] - File property is set to [C:/Users/아인스/Desktop/JuchanEX/log/Practice/Practice.log]
13:53:06,075 |-INFO in ch.qos.logback.core.joran.action.AppenderAction - About to instantiate appender of type [ch.qos.logback.core.rolling.RollingFileAppender]
13:53:06,075 |-INFO in ch.qos.logback.core.joran.action.AppenderAction - Naming appender as [AM_MSD_FILE]
13:53:06,076 |-INFO in c.q.l.core.rolling.TimeBasedRollingPolicy@908957517 - No compression will be used
13:53:06,076 |-INFO in c.q.l.core.rolling.TimeBasedRollingPolicy@908957517 - Will use the pattern C:/Users/아인스/Desktop/JuchanEX/log/Practice/AM/Practice_%d{yyyyMMdd}.log for the active file
13:53:06,076 |-INFO in c.q.l.core.rolling.DefaultTimeBasedFileNamingAndTriggeringPolicy - The date pattern is 'yyyyMMdd' from file name pattern 'C:/Users/아인스/Desktop/JuchanEX/log/Practice/AM/Practice_%d{yyyyMMdd}.log'.
13:53:06,076 |-INFO in c.q.l.core.rolling.DefaultTimeBasedFileNamingAndTriggeringPolicy - Roll-over at midnight.
13:53:06,076 |-INFO in c.q.l.core.rolling.DefaultTimeBasedFileNamingAndTriggeringPolicy - Setting initial period to Thu May 09 15:05:20 KST 2024
13:53:06,076 |-INFO in ch.qos.logback.core.joran.action.NestedComplexPropertyIA - Assuming default type [ch.qos.logback.classic.encoder.PatternLayoutEncoder] for [encoder] property
13:53:06,076 |-INFO in ch.qos.logback.core.rolling.RollingFileAppender[AM_MSD_FILE] - Active log file name: C:/Users/아인스/Desktop/JuchanEX/log/Practice/AM/Practice.log
13:53:06,076 |-INFO in ch.qos.logback.core.rolling.RollingFileAppender[AM_MSD_FILE] - File property is set to [C:/Users/아인스/Desktop/JuchanEX/log/Practice/AM/Practice.log]
13:53:06,076 |-INFO in ch.qos.logback.core.joran.action.AppenderAction - About to instantiate appender of type [ch.qos.logback.core.rolling.RollingFileAppender]
13:53:06,077 |-INFO in ch.qos.logback.core.joran.action.AppenderAction - Naming appender as [BM_MSD_FILE]
13:53:06,077 |-INFO in c.q.l.core.rolling.TimeBasedRollingPolicy@1817759975 - No compression will be used
13:53:06,077 |-INFO in c.q.l.core.rolling.TimeBasedRollingPolicy@1817759975 - Will use the pattern C:/Users/아인스/Desktop/JuchanEX/log/Practice/BM/Practice_%d{yyyyMMdd}.log for the active file
13:53:06,077 |-INFO in c.q.l.core.rolling.DefaultTimeBasedFileNamingAndTriggeringPolicy - The date pattern is 'yyyyMMdd' from file name pattern 'C:/Users/아인스/Desktop/JuchanEX/log/Practice/BM/Practice_%d{yyyyMMdd}.log'.
13:53:06,077 |-INFO in c.q.l.core.rolling.DefaultTimeBasedFileNamingAndTriggeringPolicy - Roll-over at midnight.
13:53:06,077 |-INFO in c.q.l.core.rolling.DefaultTimeBasedFileNamingAndTriggeringPolicy - Setting initial period to Thu May 09 15:05:20 KST 2024
13:53:06,077 |-INFO in ch.qos.logback.core.joran.action.NestedComplexPropertyIA - Assuming default type [ch.qos.logback.classic.encoder.PatternLayoutEncoder] for [encoder] property
13:53:06,078 |-INFO in ch.qos.logback.core.rolling.RollingFileAppender[BM_MSD_FILE] - Active log file name: C:/Users/아인스/Desktop/JuchanEX/log/Practice/BM/Practice.log
13:53:06,078 |-INFO in ch.qos.logback.core.rolling.RollingFileAppender[BM_MSD_FILE] - File property is set to [C:/Users/아인스/Desktop/JuchanEX/log/Practice/BM/Practice.log]
13:53:06,078 |-INFO in ch.qos.logback.core.joran.action.AppenderAction - About to instantiate appender of type [ch.qos.logback.core.ConsoleAppender]
13:53:06,078 |-INFO in ch.qos.logback.core.joran.action.AppenderAction - Naming appender as [STDOUT]
13:53:06,078 |-WARN in ch.qos.logback.core.ConsoleAppender[STDOUT] - This appender no longer admits a layout as a sub-component, set an encoder instead.
13:53:06,078 |-WARN in ch.qos.logback.core.ConsoleAppender[STDOUT] - To ensure compatibility, wrapping your layout in LayoutWrappingEncoder.
13:53:06,078 |-WARN in ch.qos.logback.core.ConsoleAppender[STDOUT] - See also http://logback.qos.ch/codes.html#layoutInsteadOfEncoder for details
13:53:06,078 |-INFO in ch.qos.logback.classic.joran.action.LoggerAction - Setting additivity of logger [kr.co.neighbor21.ecall.geon.collection.server.resource] to false
13:53:06,078 |-INFO in ch.qos.logback.classic.jul.LevelChangePropagator@4170819f - Propagating INFO level on Logger[kr.co.neighbor21.ecall.geon.collection.server.resource] onto the JUL framework
13:53:06,078 |-INFO in ch.qos.logback.classic.joran.action.LevelAction - kr.co.neighbor21.ecall.geon.collection.server.resource level set to INFO
13:53:06,078 |-INFO in ch.qos.logback.core.joran.action.AppenderRefAction - Attaching appender named [AM_MSD_FILE] to Logger[kr.co.neighbor21.ecall.geon.collection.server.resource]
13:53:06,078 |-INFO in ch.qos.logback.classic.joran.action.LoggerAction - Setting additivity of logger [kr.co.neighbor21.ecall.geon.collection.server] to false
13:53:06,078 |-INFO in ch.qos.logback.classic.jul.LevelChangePropagator@4170819f - Propagating INFO level on Logger[kr.co.neighbor21.ecall.geon.collection.server] onto the JUL framework
13:53:06,078 |-INFO in ch.qos.logback.classic.joran.action.LevelAction - kr.co.neighbor21.ecall.geon.collection.server level set to INFO
13:53:06,078 |-INFO in ch.qos.logback.core.joran.action.AppenderRefAction - Attaching appender named [BM_MSD_FILE] to Logger[kr.co.neighbor21.ecall.geon.collection.server]
13:53:06,078 |-INFO in ch.qos.logback.classic.joran.action.LoggerAction - Setting level of logger [jdbc] to OFF
13:53:06,078 |-INFO in ch.qos.logback.classic.jul.LevelChangePropagator@4170819f - Propagating OFF level on Logger[jdbc] onto the JUL framework
13:53:06,078 |-INFO in ch.qos.logback.classic.joran.action.LoggerAction - Setting level of logger [jdbc.sqlonly] to OFF
13:53:06,078 |-INFO in ch.qos.logback.classic.jul.LevelChangePropagator@4170819f - Propagating OFF level on Logger[jdbc.sqlonly] onto the JUL framework
13:53:06,078 |-INFO in ch.qos.logback.classic.joran.action.LoggerAction - Setting level of logger [jdbc.audit] to OFF
13:53:06,078 |-INFO in ch.qos.logback.classic.jul.LevelChangePropagator@4170819f - Propagating OFF level on Logger[jdbc.audit] onto the JUL framework
13:53:06,079 |-INFO in ch.qos.logback.classic.joran.action.LoggerAction - Setting level of logger [jdbc.resultset] to OFF
13:53:06,079 |-INFO in ch.qos.logback.classic.jul.LevelChangePropagator@4170819f - Propagating OFF level on Logger[jdbc.resultset] onto the JUL framework
13:53:06,079 |-INFO in ch.qos.logback.classic.joran.action.LoggerAction - Setting level of logger [jdbc.connection] to OFF
13:53:06,079 |-INFO in ch.qos.logback.classic.jul.LevelChangePropagator@4170819f - Propagating OFF level on Logger[jdbc.connection] onto the JUL framework
13:53:06,079 |-INFO in ch.qos.logback.classic.joran.action.RootLoggerAction - Setting level of ROOT logger to INFO
13:53:06,079 |-INFO in ch.qos.logback.classic.jul.LevelChangePropagator@4170819f - Propagating INFO level on Logger[ROOT] onto the JUL framework
13:53:06,079 |-INFO in ch.qos.logback.core.joran.action.AppenderRefAction - Attaching appender named [FILE] to Logger[ROOT]
13:53:06,079 |-INFO in ch.qos.logback.core.joran.action.AppenderRefAction - Attaching appender named [STDOUT] to Logger[ROOT]
13:53:06,079 |-INFO in ch.qos.logback.classic.joran.action.ConfigurationAction - End of configuration.
13:53:06,079 |-INFO in org.springframework.boot.logging.logback.SpringBootJoranConfigurator@4ae6137f - Registering current configuration as safe fallback point

  .   ____          _            __ _ _
 /\\ / ___'_ __ _ _(_)_ __  __ _ \ \ \ \
( ( )\___ | '_ | '_| | '_ \/ _` | \ \ \ \
 \\/  ___)| |_)| | | | | || (_| |  ) ) ) )
  '  |____| .__|_| |_|_| |_\__, | / / / /
 =========|_|==============|___/=/_/_/_/
[32m :: Spring Boot :: [39m             [2m (v2.7.15)[0;39m

[2024-05-10] [13:53:06.112] [INFO] [33m[StartupInfoLogger.java:55][0;39m Starting PracticeApplication using Java 1.8.0_241 on DESKTOP-82LR3LK with PID 7044 (C:\Users\아인스\Desktop\JuchanEX\practice\bin\main started by 아인스 in C:\Users\아인스\Desktop\JuchanEX\practice) 
[2024-05-10] [13:53:06.113] [INFO] [33m[SpringApplication.java:631][0;39m No active profile set, falling back to 1 default profile: "default" 
[2024-05-10] [13:53:06.138] [INFO] [33m[DeferredLog.java:255][0;39m Devtools property defaults active! Set 'spring.devtools.add-properties' to 'false' to disable 
[2024-05-10] [13:53:06.138] [INFO] [33m[DeferredLog.java:255][0;39m For additional web related logging consider setting the 'logging.level.web' property to 'DEBUG' 
[2024-05-10] [13:53:06.557] [INFO] [33m[RepositoryConfigurationDelegate.java:132][0;39m Bootstrapping Spring Data JPA repositories in DEFAULT mode. 
[2024-05-10] [13:53:06.573] [INFO] [33m[RepositoryConfigurationDelegate.java:201][0;39m Finished Spring Data repository scanning in 11 ms. Found 0 JPA repository interfaces. 
[2024-05-10] [13:53:06.941] [INFO] [33m[TomcatWebServer.java:108][0;39m Tomcat initialized with port(s): 9920 (http) 
[2024-05-10] [13:53:06.946] [INFO] [33m[DirectJDKLog.java:173][0;39m Starting service [Tomcat] 
[2024-05-10] [13:53:06.946] [INFO] [33m[DirectJDKLog.java:173][0;39m Starting Servlet engine: [Apache Tomcat/9.0.79] 
[2024-05-10] [13:53:07.098] [INFO] [33m[DirectJDKLog.java:173][0;39m At least one JAR was scanned for TLDs yet contained no TLDs. Enable debug logging for this logger for a complete list of JARs that were scanned but no TLDs were found in them. Skipping unneeded JARs during scanning can improve startup time and JSP compilation time. 
[2024-05-10] [13:53:07.102] [INFO] [33m[DirectJDKLog.java:173][0;39m Initializing Spring embedded WebApplicationContext 
[2024-05-10] [13:53:07.102] [INFO] [33m[ServletWebServerApplicationContext.java:292][0;39m Root WebApplicationContext: initialization completed in 964 ms 
Loading class `com.mysql.jdbc.Driver'. This is deprecated. The new driver class is `com.mysql.cj.jdbc.Driver'. The driver is automatically registered via the SPI and manual loading of the driver class is generally unnecessary.
[2024-05-10] [13:53:07.164] [INFO] [33m[HikariDataSource.java:110][0;39m HikariPool-1 - Starting... 
[2024-05-10] [13:53:07.354] [INFO] [33m[HikariDataSource.java:123][0;39m HikariPool-1 - Start completed. 
[2024-05-10] [13:53:07.378] [INFO] [33m[LogHelper.java:31][0;39m HHH000204: Processing PersistenceUnitInfo [name: default] 
[2024-05-10] [13:53:07.400] [INFO] [33m[Version.java:44][0;39m HHH000412: Hibernate ORM core version 5.6.15.Final 
[2024-05-10] [13:53:07.471] [INFO] [33m[JavaReflectionManager.java:56][0;39m HCANN000001: Hibernate Commons Annotations {5.1.2.Final} 
[2024-05-10] [13:53:07.530] [INFO] [33m[Dialect.java:175][0;39m HHH000400: Using dialect: org.hibernate.dialect.MySQL57Dialect 
[2024-05-10] [13:53:07.621] [INFO] [33m[JtaPlatformInitiator.java:52][0;39m HHH000490: Using JtaPlatform implementation: [org.hibernate.engine.transaction.jta.platform.internal.NoJtaPlatform] 
[2024-05-10] [13:53:07.629] [INFO] [33m[AbstractEntityManagerFactoryBean.java:437][0;39m Initialized JPA EntityManagerFactory for persistence unit 'default' 
[2024-05-10] [13:53:07.784] [WARN] [33m[JpaBaseConfiguration.java:223][0;39m spring.jpa.open-in-view is enabled by default. Therefore, database queries may be performed during view rendering. Explicitly configure spring.jpa.open-in-view to disable this warning 
[2024-05-10] [13:53:07.866] [INFO] [33m[DefaultSecurityFilterChain.java:55][0;39m Will secure any request with [org.springframework.security.web.session.DisableEncodeUrlFilter@2872bf00, org.springframework.security.web.context.request.async.WebAsyncManagerIntegrationFilter@1f1450b8, org.springframework.security.web.context.SecurityContextPersistenceFilter@36179a17, org.springframework.security.web.header.HeaderWriterFilter@3f06d884, org.springframework.security.web.csrf.CsrfFilter@20bf6dcd, org.springframework.security.web.authentication.logout.LogoutFilter@3f222af9, org.springframework.security.web.authentication.UsernamePasswordAuthenticationFilter@3797d6a4, org.springframework.security.web.savedrequest.RequestCacheAwareFilter@47ae85f8, org.springframework.security.web.servletapi.SecurityContextHolderAwareRequestFilter@4271404b, org.springframework.security.web.authentication.AnonymousAuthenticationFilter@27870eb3, org.springframework.security.web.session.SessionManagementFilter@44f996db, org.springframework.security.web.access.ExceptionTranslationFilter@70d56576, org.springframework.security.web.access.intercept.FilterSecurityInterceptor@2f13a873] 
[2024-05-10] [13:53:08.079] [INFO] [33m[OptionalLiveReloadServer.java:59][0;39m LiveReload server is running on port 35729 
[2024-05-10] [13:53:08.104] [INFO] [33m[TomcatWebServer.java:220][0;39m Tomcat started on port(s): 9920 (http) with context path '' 
[2024-05-10] [13:53:08.112] [INFO] [33m[StartupInfoLogger.java:61][0;39m Started PracticeApplication in 2.18 seconds (JVM running for 2.663) 
[2024-05-10] [13:53:09.004] [INFO] [33m[DirectJDKLog.java:173][0;39m Initializing Spring DispatcherServlet 'dispatcherServlet' 
[2024-05-10] [13:53:09.005] [INFO] [33m[FrameworkServlet.java:525][0;39m Initializing Servlet 'dispatcherServlet' 
[2024-05-10] [13:53:09.005] [INFO] [33m[FrameworkServlet.java:547][0;39m Completed initialization in 0 ms 
UserDto(user_no=1, user_name=김주찬, user_tel=010-0000-0000, user_id=juchan, user_pw=$2a$10$945l5uUNQmmkUvZvke22ve8UqbIVUVe7GKTtPhxHppVd.ExexB.9W, user_gen=1, user_signdate=Tue Mar 19 00:00:00 KST 2024, role=1)
Starting ChromeDriver 123.0.6312.86 (9b72c47a053648d405376c5cf07999ed626728da-refs/branch-heads/6312@{#698}) on port 55855
Only local connections are allowed.
Please see https://chromedriver.chromium.org/security-considerations for suggestions on keeping ChromeDriver safe.
ChromeDriver was started successfully.
[1715317201.310][WARNING]: This version of ChromeDriver has not been tested with Chrome version 124.
[2024-05-10] [14:00:01.345] [INFO] [33m[ProtocolHandshake.java:66][0;39m Detected dialect: W3C 
[2024-05-10] [14:00:01.379] [WARN] [33m[CdpVersionFinder.java:140][0;39m Unable to find an exact match for CDP version 124, so returning the closest version found: a no-op implementation 
[2024-05-10] [14:00:01.379] [INFO] [33m[CdpVersionFinder.java:146][0;39m Unable to find CDP implementation matching 124. 
[2024-05-10] [14:00:01.379] [WARN] [33m[ChromiumDriver.java:128][0;39m Unable to find version of CDP to use for . You may need to include a dependency on a specific version of the CDP using something similar to `org.seleniumhq.selenium:selenium-devtools-v86:4.1.4` where the version ("v86") matches the version of the chromium-based browser you're using and the version number of the artifact is the same as Selenium's. 
--------------------------------------------------------멜론업데이트
Starting ChromeDriver 123.0.6312.86 (9b72c47a053648d405376c5cf07999ed626728da-refs/branch-heads/6312@{#698}) on port 59218
Only local connections are allowed.
Please see https://chromedriver.chromium.org/security-considerations for suggestions on keeping ChromeDriver safe.
ChromeDriver was started successfully.
[1715320800.993][WARNING]: This version of ChromeDriver has not been tested with Chrome version 124.
[2024-05-10] [15:00:01.000] [INFO] [33m[ProtocolHandshake.java:66][0;39m Detected dialect: W3C 
[2024-05-10] [15:00:01.011] [WARN] [33m[CdpVersionFinder.java:140][0;39m Unable to find an exact match for CDP version 124, so returning the closest version found: a no-op implementation 
[2024-05-10] [15:00:01.011] [INFO] [33m[CdpVersionFinder.java:146][0;39m Unable to find CDP implementation matching 124. 
[2024-05-10] [15:00:01.011] [WARN] [33m[ChromiumDriver.java:128][0;39m Unable to find version of CDP to use for . You may need to include a dependency on a specific version of the CDP using something similar to `org.seleniumhq.selenium:selenium-devtools-v86:4.1.4` where the version ("v86") matches the version of the chromium-based browser you're using and the version number of the artifact is the same as Selenium's. 
--------------------------------------------------------멜론업데이트
Starting ChromeDriver 123.0.6312.86 (9b72c47a053648d405376c5cf07999ed626728da-refs/branch-heads/6312@{#698}) on port 52003
Only local connections are allowed.
Please see https://chromedriver.chromium.org/security-considerations for suggestions on keeping ChromeDriver safe.
ChromeDriver was started successfully.
[1715324400.993][WARNING]: This version of ChromeDriver has not been tested with Chrome version 124.
[2024-05-10] [16:00:01.000] [INFO] [33m[ProtocolHandshake.java:66][0;39m Detected dialect: W3C 
[2024-05-10] [16:00:01.010] [WARN] [33m[CdpVersionFinder.java:140][0;39m Unable to find an exact match for CDP version 124, so returning the closest version found: a no-op implementation 
[2024-05-10] [16:00:01.010] [INFO] [33m[CdpVersionFinder.java:146][0;39m Unable to find CDP implementation matching 124. 
[2024-05-10] [16:00:01.010] [WARN] [33m[ChromiumDriver.java:128][0;39m Unable to find version of CDP to use for . You may need to include a dependency on a specific version of the CDP using something similar to `org.seleniumhq.selenium:selenium-devtools-v86:4.1.4` where the version ("v86") matches the version of the chromium-based browser you're using and the version number of the artifact is the same as Selenium's. 
--------------------------------------------------------멜론업데이트
36
42
comment_sub:아인스아인스아인스
42
42
42
42
42
42
comment_sub:후 오류 수정 완
42
